<?xml version="1.0" encoding="UTF-8"?>
<testsuite name="com.tavisca.workshops.MerchantGalaxy.ArabicNumeralToRomanParserTest" tests="2" skipped="0" failures="0" errors="0" timestamp="2019-08-13T12:42:25" hostname="RENTLAPT0010" time="0.092">
  <properties/>
  <testcase name="canParseArabicNumeralIntoRomanNumberTest1()" classname="com.tavisca.workshops.MerchantGalaxy.ArabicNumeralToRomanParserTest" time="0.089"/>
  <testcase name="canParseArabicNumeralIntoRomanNumberTest2()" classname="com.tavisca.workshops.MerchantGalaxy.ArabicNumeralToRomanParserTest" time="0.002"/>
  <system-out><![CDATA[]]></system-out>
  <system-err><![CDATA[]]></system-err>
</testsuite>
