<?xml version="1.0" encoding="UTF-8"?>
<testsuite name="com.tavisca.workshops.MerchantGalaxy.InputParserTest" tests="1" skipped="0" failures="0" errors="0" timestamp="2019-07-24T20:02:43" hostname="RENTLAPT0010" time="0.03">
  <properties/>
  <testcase name="cannotProvideAnswersToIrrelevantQuestions2()" classname="com.tavisca.workshops.MerchantGalaxy.InputParserTest" time="0.03"/>
  <system-out><![CDATA[]]></system-out>
  <system-err><![CDATA[]]></system-err>
</testsuite>
