<?xml version="1.0" encoding="UTF-8"?>
<testsuite name="com.tavisca.workshops.MerchantGalaxy.RomanValidatorTest" tests="3" skipped="0" failures="0" errors="0" timestamp="2019-07-25T05:58:08" hostname="RENTLAPT0010" time="0.013">
  <properties/>
  <testcase name="canValidateSequenceOfRomanLiterals1()" classname="com.tavisca.workshops.MerchantGalaxy.RomanValidatorTest" time="0.009"/>
  <testcase name="canValidateSequenceOfRomanLiterals2()" classname="com.tavisca.workshops.MerchantGalaxy.RomanValidatorTest" time="0.001"/>
  <testcase name="canValidateTheSingleRomanLiteral()" classname="com.tavisca.workshops.MerchantGalaxy.RomanValidatorTest" time="0.001"/>
  <system-out><![CDATA[]]></system-out>
  <system-err><![CDATA[]]></system-err>
</testsuite>
