<?xml version="1.0" encoding="UTF-8"?>
<testsuite name="com.tavisca.workshops.MerchantGalaxy.InputParserTest" tests="2" skipped="0" failures="0" errors="0" timestamp="2019-07-24T11:12:34" hostname="RENTLAPT0010" time="0.025">
  <properties/>
  <testcase name="canParseWordToRomanNumeralStatement()" classname="com.tavisca.workshops.MerchantGalaxy.InputParserTest" time="0.02"/>
  <testcase name="canParseMetalToCreditStatement()" classname="com.tavisca.workshops.MerchantGalaxy.InputParserTest" time="0.004"/>
  <system-out><![CDATA[]]></system-out>
  <system-err><![CDATA[]]></system-err>
</testsuite>
