<?xml version="1.0" encoding="UTF-8"?>
<testsuite name="com.tavisca.workshops.MerchantGalaxy.ArabicNumeralToRomanParserTest" tests="2" skipped="0" failures="0" errors="0" timestamp="2019-07-26T10:01:43" hostname="RENTLAPT0010" time="0.049">
  <properties/>
  <testcase name="canParseArabicNumeralIntoRomanNumberTest1()" classname="com.tavisca.workshops.MerchantGalaxy.ArabicNumeralToRomanParserTest" time="0.047"/>
  <testcase name="canParseArabicNumeralIntoRomanNumberTest2()" classname="com.tavisca.workshops.MerchantGalaxy.ArabicNumeralToRomanParserTest" time="0.001"/>
  <system-out><![CDATA[]]></system-out>
  <system-err><![CDATA[]]></system-err>
</testsuite>
