<?xml version="1.0" encoding="UTF-8"?>
<testsuite name="com.tavisca.workshops.MerchantGalaxy.ArabicNumeralToRomanParserTest" tests="2" skipped="0" failures="0" errors="0" timestamp="2019-08-13T12:20:08" hostname="RENTLAPT0010" time="0.082">
  <properties/>
  <testcase name="canParseArabicNumeralIntoRomanNumberTest1()" classname="com.tavisca.workshops.MerchantGalaxy.ArabicNumeralToRomanParserTest" time="0.077"/>
  <testcase name="canParseArabicNumeralIntoRomanNumberTest2()" classname="com.tavisca.workshops.MerchantGalaxy.ArabicNumeralToRomanParserTest" time="0.004"/>
  <system-out><![CDATA[]]></system-out>
  <system-err><![CDATA[]]></system-err>
</testsuite>
